mode: atomic
github.com/licaonfee/selina/workers/custom/function.go:24.40,25.19 1 7
github.com/licaonfee/selina/workers/custom/function.go:28.2,28.12 1 6
github.com/licaonfee/selina/workers/custom/function.go:25.19,27.3 1 1
github.com/licaonfee/selina/workers/custom/function.go:40.80,42.39 2 7
github.com/licaonfee/selina/workers/custom/function.go:45.2,45.6 1 6
github.com/licaonfee/selina/workers/custom/function.go:42.39,44.3 1 1
github.com/licaonfee/selina/workers/custom/function.go:45.6,46.10 1 13
github.com/licaonfee/selina/workers/custom/function.go:47.32,48.11 1 12
github.com/licaonfee/selina/workers/custom/function.go:51.4,52.18 2 8
github.com/licaonfee/selina/workers/custom/function.go:55.4,55.19 1 7
github.com/licaonfee/selina/workers/custom/function.go:58.4,58.69 1 5
github.com/licaonfee/selina/workers/custom/function.go:61.21,62.20 1 1
github.com/licaonfee/selina/workers/custom/function.go:48.11,50.5 1 4
github.com/licaonfee/selina/workers/custom/function.go:52.18,54.5 1 1
github.com/licaonfee/selina/workers/custom/function.go:55.19,56.13 1 2
github.com/licaonfee/selina/workers/custom/function.go:58.69,60.5 1 0
github.com/licaonfee/selina/workers/custom/function.go:68.50,70.2 1 7
github.com/licaonfee/selina/workers/random/random.go:24.78,29.12 4 5
github.com/licaonfee/selina/workers/random/random.go:36.2,36.6 1 5
github.com/licaonfee/selina/workers/random/random.go:29.12,31.3 1 4
github.com/licaonfee/selina/workers/random/random.go:31.8,35.3 3 1
github.com/licaonfee/selina/workers/random/random.go:36.6,37.10 1 38
github.com/licaonfee/selina/workers/random/random.go:38.25,39.21 1 36
github.com/licaonfee/selina/workers/random/random.go:42.4,43.44 2 33
github.com/licaonfee/selina/workers/random/random.go:46.4,46.68 1 33
github.com/licaonfee/selina/workers/random/random.go:49.21,50.20 1 2
github.com/licaonfee/selina/workers/random/random.go:39.21,41.5 1 3
github.com/licaonfee/selina/workers/random/random.go:43.44,45.5 1 0
github.com/licaonfee/selina/workers/random/random.go:46.68,48.5 1 0
github.com/licaonfee/selina/workers/random/random.go:56.38,58.2 1 5
github.com/licaonfee/selina/workers/regex/regexp.go:19.38,22.2 2 5
github.com/licaonfee/selina/workers/regex/regexp.go:31.78,32.39 1 5
github.com/licaonfee/selina/workers/regex/regexp.go:35.2,36.15 2 4
github.com/licaonfee/selina/workers/regex/regexp.go:39.2,39.6 1 4
github.com/licaonfee/selina/workers/regex/regexp.go:32.39,34.3 1 1
github.com/licaonfee/selina/workers/regex/regexp.go:36.15,38.3 1 4
github.com/licaonfee/selina/workers/regex/regexp.go:39.6,40.10 1 7
github.com/licaonfee/selina/workers/regex/regexp.go:41.32,42.10 1 6
github.com/licaonfee/selina/workers/regex/regexp.go:49.21,50.20 1 1
github.com/licaonfee/selina/workers/regex/regexp.go:42.10,43.22 1 3
github.com/licaonfee/selina/workers/regex/regexp.go:43.22,45.6 1 2
github.com/licaonfee/selina/workers/regex/regexp.go:46.10,48.5 1 3
github.com/licaonfee/selina/workers/regex/regexp.go:56.44,58.2 1 5
github.com/licaonfee/selina/node.go:38.28,40.2 1 66
github.com/licaonfee/selina/node.go:43.30,45.2 1 8
github.com/licaonfee/selina/node.go:48.31,52.2 3 359
github.com/licaonfee/selina/node.go:57.40,58.23 1 22
github.com/licaonfee/selina/node.go:61.2,64.13 4 19
github.com/licaonfee/selina/node.go:58.23,60.3 1 3
github.com/licaonfee/selina/node.go:68.32,70.27 2 0
github.com/licaonfee/selina/node.go:73.2,73.12 1 0
github.com/licaonfee/selina/node.go:70.27,72.3 1 0
github.com/licaonfee/selina/node.go:77.44,80.2 2 22
github.com/licaonfee/selina/node.go:86.81,89.12 3 32
github.com/licaonfee/selina/node.go:93.2,93.11 1 32
github.com/licaonfee/selina/node.go:89.12,92.3 2 32
github.com/licaonfee/selina/node.go:96.41,97.15 1 32
github.com/licaonfee/selina/node.go:100.2,100.10 1 32
github.com/licaonfee/selina/node.go:97.15,99.3 1 32
github.com/licaonfee/selina/node.go:103.42,104.15 1 1
github.com/licaonfee/selina/node.go:107.2,107.10 1 1
github.com/licaonfee/selina/node.go:104.15,106.3 1 1
github.com/licaonfee/selina/node.go:113.35,116.15 3 33
github.com/licaonfee/selina/node.go:119.2,120.12 2 32
github.com/licaonfee/selina/node.go:116.15,118.3 1 1
github.com/licaonfee/selina/node.go:125.49,126.39 1 33
github.com/licaonfee/selina/node.go:129.2,136.16 8 32
github.com/licaonfee/selina/node.go:139.2,139.12 1 16
github.com/licaonfee/selina/node.go:126.39,128.3 1 1
github.com/licaonfee/selina/node.go:136.16,138.3 1 16
github.com/licaonfee/selina/node.go:147.29,150.15 3 1
github.com/licaonfee/selina/node.go:154.2,154.26 1 0
github.com/licaonfee/selina/node.go:150.15,153.3 2 1
github.com/licaonfee/selina/node.go:158.30,162.2 3 8
github.com/licaonfee/selina/node.go:168.13,171.12 3 1
github.com/licaonfee/selina/node.go:171.12,173.7 2 1
github.com/licaonfee/selina/node.go:173.7,176.18 3 41
github.com/licaonfee/selina/node.go:179.4,179.23 1 41
github.com/licaonfee/selina/node.go:176.18,177.13 1 0
github.com/licaonfee/selina/node.go:184.21,186.2 1 40
github.com/licaonfee/selina/node.go:191.43,197.2 5 40
github.com/licaonfee/selina/pipeline.go:28.57,30.28 2 6
github.com/licaonfee/selina/pipeline.go:36.2,36.17 1 6
github.com/licaonfee/selina/pipeline.go:30.28,32.21 2 16
github.com/licaonfee/selina/pipeline.go:32.21,34.4 1 16
github.com/licaonfee/selina/pipeline.go:40.51,42.28 2 2
github.com/licaonfee/selina/pipeline.go:45.2,45.12 1 2
github.com/licaonfee/selina/pipeline.go:42.28,44.3 1 6
github.com/licaonfee/selina/pipeline.go:49.42,51.28 2 6
github.com/licaonfee/selina/pipeline.go:54.2,54.12 1 6
github.com/licaonfee/selina/pipeline.go:51.28,53.3 1 16
github.com/licaonfee/selina/pipeline.go:60.47,63.34 3 3
github.com/licaonfee/selina/pipeline.go:70.2,70.10 1 3
github.com/licaonfee/selina/pipeline.go:63.34,69.3 5 4
github.com/licaonfee/selina/pipeline.go:75.45,78.26 3 3
github.com/licaonfee/selina/pipeline.go:82.2,82.10 1 3
github.com/licaonfee/selina/pipeline.go:78.26,81.3 1 9
github.com/licaonfee/selina/pipeline.go:86.44,89.16 3 0
github.com/licaonfee/selina/pipeline.go:92.2,92.30 1 0
github.com/licaonfee/selina/pipeline.go:98.2,98.30 1 0
github.com/licaonfee/selina/pipeline.go:109.2,109.48 1 0
github.com/licaonfee/selina/pipeline.go:112.2,112.12 1 0
github.com/licaonfee/selina/pipeline.go:89.16,91.3 1 0
github.com/licaonfee/selina/pipeline.go:92.30,94.17 2 0
github.com/licaonfee/selina/pipeline.go:94.17,96.4 1 0
github.com/licaonfee/selina/pipeline.go:98.30,102.27 4 0
github.com/licaonfee/selina/pipeline.go:102.27,104.18 2 0
github.com/licaonfee/selina/pipeline.go:104.18,106.5 1 0
github.com/licaonfee/selina/pipeline.go:109.48,111.3 1 0
github.com/licaonfee/selina/pipeline.go:115.41,120.9 5 0
github.com/licaonfee/selina/pipeline.go:121.21,122.61 1 0
github.com/licaonfee/selina/pipeline.go:123.21,124.61 1 0
github.com/licaonfee/selina/pipeline.go:125.21,126.61 1 0
github.com/licaonfee/selina/pipeline.go:127.10,128.51 1 0
github.com/licaonfee/selina/stats.go:17.43,20.2 2 551
github.com/licaonfee/selina/stats.go:24.57,26.2 1 17
github.com/licaonfee/selina/testing.go:5.64,7.12 2 5
github.com/licaonfee/selina/testing.go:15.2,15.13 1 5
github.com/licaonfee/selina/testing.go:7.12,8.26 1 5
github.com/licaonfee/selina/testing.go:11.3,11.16 1 5
github.com/licaonfee/selina/testing.go:8.26,10.4 1 15
github.com/licaonfee/selina/testing.go:11.16,13.4 1 5
github.com/licaonfee/selina/testing.go:19.67,21.12 2 1
github.com/licaonfee/selina/testing.go:29.2,29.13 1 1
github.com/licaonfee/selina/testing.go:21.12,22.26 1 1
github.com/licaonfee/selina/testing.go:25.3,25.16 1 1
github.com/licaonfee/selina/testing.go:22.26,24.4 1 3
github.com/licaonfee/selina/testing.go:25.16,27.4 1 1
github.com/licaonfee/selina/testing.go:34.48,36.24 2 1
github.com/licaonfee/selina/testing.go:39.2,39.12 1 1
github.com/licaonfee/selina/testing.go:36.24,38.3 1 3
github.com/licaonfee/selina/worker.go:44.40,46.2 1 0
github.com/licaonfee/selina/acceptance.go:21.44,24.12 3 5
github.com/licaonfee/selina/acceptance.go:28.2,31.25 4 5
github.com/licaonfee/selina/acceptance.go:34.2,34.30 1 4
github.com/licaonfee/selina/acceptance.go:39.2,39.12 1 3
github.com/licaonfee/selina/acceptance.go:24.12,27.3 2 5
github.com/licaonfee/selina/acceptance.go:31.25,33.3 1 1
github.com/licaonfee/selina/acceptance.go:34.30,35.19 1 8
github.com/licaonfee/selina/acceptance.go:35.19,37.4 1 1
github.com/licaonfee/selina/acceptance.go:43.49,45.12 2 4
github.com/licaonfee/selina/acceptance.go:49.2,50.39 2 4
github.com/licaonfee/selina/acceptance.go:53.2,53.12 1 3
github.com/licaonfee/selina/acceptance.go:45.12,48.3 2 4
github.com/licaonfee/selina/acceptance.go:50.39,52.3 1 1
github.com/licaonfee/selina/acceptance.go:57.41,58.52 1 5
github.com/licaonfee/selina/acceptance.go:61.2,62.34 2 4
github.com/licaonfee/selina/acceptance.go:65.2,65.12 1 3
github.com/licaonfee/selina/acceptance.go:58.52,60.3 1 1
github.com/licaonfee/selina/acceptance.go:62.34,64.3 1 1
github.com/licaonfee/selina/channels.go:18.54,22.24 4 34
github.com/licaonfee/selina/channels.go:32.2,32.26 1 33
github.com/licaonfee/selina/channels.go:22.24,23.29 1 71
github.com/licaonfee/selina/channels.go:23.29,29.4 4 74
github.com/licaonfee/selina/channels.go:32.26,34.3 1 21
github.com/licaonfee/selina/channels.go:38.46,41.15 3 23
github.com/licaonfee/selina/channels.go:44.2,46.10 3 22
github.com/licaonfee/selina/channels.go:41.15,42.39 1 1
github.com/licaonfee/selina/channels.go:59.43,60.22 1 22
github.com/licaonfee/selina/channels.go:64.2,64.13 1 22
github.com/licaonfee/selina/channels.go:60.22,63.3 2 77
github.com/licaonfee/selina/channels.go:67.31,68.19 1 22
github.com/licaonfee/selina/channels.go:68.19,70.3 1 20
github.com/licaonfee/selina/channels.go:77.44,78.12 1 33
github.com/licaonfee/selina/channels.go:84.2,84.14 1 33
github.com/licaonfee/selina/channels.go:78.12,79.19 1 33
github.com/licaonfee/selina/channels.go:79.19,82.4 2 20
github.com/licaonfee/selina/channels.go:89.47,93.2 3 22
github.com/licaonfee/selina/channels.go:97.79,98.9 1 40
github.com/licaonfee/selina/channels.go:99.21,100.13 1 39
github.com/licaonfee/selina/channels.go:101.20,102.19 1 1
github.com/licaonfee/selina/workers/acceptance.go:25.45,30.12 5 3
github.com/licaonfee/selina/workers/acceptance.go:34.2,34.12 1 3
github.com/licaonfee/selina/workers/acceptance.go:38.2,39.9 2 3
github.com/licaonfee/selina/workers/acceptance.go:30.12,33.3 2 3
github.com/licaonfee/selina/workers/acceptance.go:34.12,37.3 2 3
github.com/licaonfee/selina/workers/acceptance.go:40.21,41.30 1 2
github.com/licaonfee/selina/workers/acceptance.go:47.3,47.13 1 1
github.com/licaonfee/selina/workers/acceptance.go:48.46,49.29 1 1
github.com/licaonfee/selina/workers/acceptance.go:41.30,42.18 1 1
github.com/licaonfee/selina/workers/acceptance.go:45.4,45.14 1 1
github.com/licaonfee/selina/workers/acceptance.go:42.18,44.5 1 0
github.com/licaonfee/selina/workers/acceptance.go:56.49,60.12 4 3
github.com/licaonfee/selina/workers/acceptance.go:64.2,64.12 1 3
github.com/licaonfee/selina/workers/acceptance.go:69.2,71.9 3 3
github.com/licaonfee/selina/workers/acceptance.go:60.12,63.3 2 3
github.com/licaonfee/selina/workers/acceptance.go:64.12,65.20 1 3
github.com/licaonfee/selina/workers/acceptance.go:65.21,67.4 0 10
github.com/licaonfee/selina/workers/acceptance.go:72.21,73.13 1 2
github.com/licaonfee/selina/workers/acceptance.go:74.39,75.38 1 1
github.com/licaonfee/selina/workers/acceptance.go:80.50,86.12 6 3
github.com/licaonfee/selina/workers/acceptance.go:90.2,91.12 2 3
github.com/licaonfee/selina/workers/acceptance.go:100.2,100.31 1 3
github.com/licaonfee/selina/workers/acceptance.go:103.2,103.12 1 2
github.com/licaonfee/selina/workers/acceptance.go:86.12,87.20 1 3
github.com/licaonfee/selina/workers/acceptance.go:87.21,88.4 0 0
github.com/licaonfee/selina/workers/acceptance.go:91.12,92.16 1 3
github.com/licaonfee/selina/workers/acceptance.go:97.3,98.29 2 3
github.com/licaonfee/selina/workers/acceptance.go:92.16,93.32 1 3
github.com/licaonfee/selina/workers/acceptance.go:93.32,95.5 1 2
github.com/licaonfee/selina/workers/acceptance.go:100.31,102.3 1 1
github.com/licaonfee/selina/workers/csv/csv.go:32.79,34.23 2 11
github.com/licaonfee/selina/workers/csv/csv.go:37.2,39.29 3 10
github.com/licaonfee/selina/workers/csv/csv.go:42.2,44.27 3 10
github.com/licaonfee/selina/workers/csv/csv.go:48.2,50.30 3 10
github.com/licaonfee/selina/workers/csv/csv.go:53.2,53.6 1 10
github.com/licaonfee/selina/workers/csv/csv.go:34.23,36.3 1 1
github.com/licaonfee/selina/workers/csv/csv.go:39.29,41.3 1 1
github.com/licaonfee/selina/workers/csv/csv.go:44.27,46.3 1 1
github.com/licaonfee/selina/workers/csv/csv.go:50.30,52.3 1 0
github.com/licaonfee/selina/workers/csv/csv.go:53.6,54.10 1 22
github.com/licaonfee/selina/workers/csv/csv.go:55.21,56.20 1 1
github.com/licaonfee/selina/workers/csv/csv.go:57.32,58.11 1 21
github.com/licaonfee/selina/workers/csv/csv.go:61.4,63.11 3 13
github.com/licaonfee/selina/workers/csv/csv.go:70.4,70.21 1 11
github.com/licaonfee/selina/workers/csv/csv.go:79.4,80.67 2 11
github.com/licaonfee/selina/workers/csv/csv.go:58.11,60.5 1 8
github.com/licaonfee/selina/workers/csv/csv.go:64.20,64.20 0 11
github.com/licaonfee/selina/workers/csv/csv.go:65.25,66.13 1 1
github.com/licaonfee/selina/workers/csv/csv.go:67.12,68.15 1 1
github.com/licaonfee/selina/workers/csv/csv.go:70.21,71.32 1 6
github.com/licaonfee/selina/workers/csv/csv.go:74.5,74.78 1 6
github.com/licaonfee/selina/workers/csv/csv.go:77.5,77.24 1 6
github.com/licaonfee/selina/workers/csv/csv.go:71.32,73.6 1 1
github.com/licaonfee/selina/workers/csv/csv.go:74.78,76.6 1 0
github.com/licaonfee/selina/workers/csv/csv.go:80.67,82.5 1 0
github.com/licaonfee/selina/workers/csv/csv.go:87.47,89.2 1 11
github.com/licaonfee/selina/workers/csv/csv.go:91.56,93.24 2 1
github.com/licaonfee/selina/workers/csv/csv.go:96.2,97.15 2 1
github.com/licaonfee/selina/workers/csv/csv.go:93.24,95.3 1 2
github.com/licaonfee/selina/workers/csv/csv.go:100.68,102.35 2 11
github.com/licaonfee/selina/workers/csv/csv.go:114.2,114.12 1 11
github.com/licaonfee/selina/workers/csv/csv.go:102.35,104.10 2 23
github.com/licaonfee/selina/workers/csv/csv.go:107.3,107.28 1 21
github.com/licaonfee/selina/workers/csv/csv.go:104.10,105.12 1 2
github.com/licaonfee/selina/workers/csv/csv.go:108.16,109.48 1 9
github.com/licaonfee/selina/workers/csv/csv.go:110.15,111.14 1 12
github.com/licaonfee/selina/workers/csv/csv.go:117.113,119.37 2 17
github.com/licaonfee/selina/workers/csv/csv.go:122.2,125.59 4 17
github.com/licaonfee/selina/workers/csv/csv.go:128.2,128.12 1 17
github.com/licaonfee/selina/workers/csv/csv.go:119.37,121.3 1 0
github.com/licaonfee/selina/workers/csv/csv.go:125.59,127.3 1 0
github.com/licaonfee/selina/workers/csv/csv.go:145.79,147.23 2 10
github.com/licaonfee/selina/workers/csv/csv.go:150.2,152.29 3 9
github.com/licaonfee/selina/workers/csv/csv.go:155.2,158.27 4 9
github.com/licaonfee/selina/workers/csv/csv.go:161.2,162.25 2 9
github.com/licaonfee/selina/workers/csv/csv.go:165.2,165.6 1 9
github.com/licaonfee/selina/workers/csv/csv.go:147.23,149.3 1 1
github.com/licaonfee/selina/workers/csv/csv.go:152.29,154.3 1 1
github.com/licaonfee/selina/workers/csv/csv.go:158.27,160.3 1 1
github.com/licaonfee/selina/workers/csv/csv.go:162.25,164.3 1 0
github.com/licaonfee/selina/workers/csv/csv.go:165.6,166.10 1 22
github.com/licaonfee/selina/workers/csv/csv.go:167.21,168.20 1 1
github.com/licaonfee/selina/workers/csv/csv.go:169.32,170.11 1 21
github.com/licaonfee/selina/workers/csv/csv.go:173.4,176.11 4 14
github.com/licaonfee/selina/workers/csv/csv.go:183.4,184.34 2 11
github.com/licaonfee/selina/workers/csv/csv.go:187.4,188.18 2 11
github.com/licaonfee/selina/workers/csv/csv.go:191.4,191.66 1 11
github.com/licaonfee/selina/workers/csv/csv.go:170.11,172.5 1 7
github.com/licaonfee/selina/workers/csv/csv.go:177.20,177.20 0 11
github.com/licaonfee/selina/workers/csv/csv.go:178.42,179.13 1 2
github.com/licaonfee/selina/workers/csv/csv.go:180.12,181.15 1 1
github.com/licaonfee/selina/workers/csv/csv.go:184.34,186.5 1 26
github.com/licaonfee/selina/workers/csv/csv.go:188.18,190.5 1 0
github.com/licaonfee/selina/workers/csv/csv.go:191.66,193.5 1 0
github.com/licaonfee/selina/workers/csv/csv.go:198.47,200.2 1 10
github.com/licaonfee/selina/workers/text/text_reader.go:37.38,38.21 1 7
github.com/licaonfee/selina/workers/text/text_reader.go:41.2,41.12 1 5
github.com/licaonfee/selina/workers/text/text_reader.go:38.21,40.3 1 2
github.com/licaonfee/selina/workers/text/text_reader.go:49.34,50.26 1 7
github.com/licaonfee/selina/workers/text/text_reader.go:53.2,53.64 1 5
github.com/licaonfee/selina/workers/text/text_reader.go:56.2,56.12 1 5
github.com/licaonfee/selina/workers/text/text_reader.go:50.26,52.3 1 2
github.com/licaonfee/selina/workers/text/text_reader.go:53.64,55.3 1 0
github.com/licaonfee/selina/workers/text/text_reader.go:60.84,61.15 1 7
github.com/licaonfee/selina/workers/text/text_reader.go:68.2,68.39 1 7
github.com/licaonfee/selina/workers/text/text_reader.go:71.2,72.29 2 5
github.com/licaonfee/selina/workers/text/text_reader.go:75.2,76.31 2 5
github.com/licaonfee/selina/workers/text/text_reader.go:79.2,79.16 1 5
github.com/licaonfee/selina/workers/text/text_reader.go:104.2,104.12 1 3
github.com/licaonfee/selina/workers/text/text_reader.go:61.15,64.17 3 7
github.com/licaonfee/selina/workers/text/text_reader.go:64.17,66.4 1 4
github.com/licaonfee/selina/workers/text/text_reader.go:68.39,70.3 1 2
github.com/licaonfee/selina/workers/text/text_reader.go:72.29,74.3 1 1
github.com/licaonfee/selina/workers/text/text_reader.go:76.31,78.3 1 0
github.com/licaonfee/selina/workers/text/text_reader.go:79.16,80.10 1 15
github.com/licaonfee/selina/workers/text/text_reader.go:81.30,82.11 1 1
github.com/licaonfee/selina/workers/text/text_reader.go:85.21,86.20 1 0
github.com/licaonfee/selina/workers/text/text_reader.go:87.11,89.32 2 14
github.com/licaonfee/selina/workers/text/text_reader.go:99.4,99.68 1 14
github.com/licaonfee/selina/workers/text/text_reader.go:82.11,84.5 1 1
github.com/licaonfee/selina/workers/text/text_reader.go:89.32,91.56 2 0
github.com/licaonfee/selina/workers/text/text_reader.go:94.5,95.19 2 0
github.com/licaonfee/selina/workers/text/text_reader.go:91.56,93.6 1 0
github.com/licaonfee/selina/workers/text/text_reader.go:95.19,97.6 1 0
github.com/licaonfee/selina/workers/text/text_reader.go:99.68,101.5 1 1
github.com/licaonfee/selina/workers/text/text_reader.go:108.44,111.2 2 7
github.com/licaonfee/selina/workers/text/text_writer.go:27.38,28.21 1 5
github.com/licaonfee/selina/workers/text/text_writer.go:31.2,31.12 1 4
github.com/licaonfee/selina/workers/text/text_writer.go:28.21,30.3 1 1
github.com/licaonfee/selina/workers/text/text_writer.go:39.34,40.26 1 5
github.com/licaonfee/selina/workers/text/text_writer.go:43.2,43.64 1 4
github.com/licaonfee/selina/workers/text/text_writer.go:46.2,46.12 1 4
github.com/licaonfee/selina/workers/text/text_writer.go:40.26,42.3 1 1
github.com/licaonfee/selina/workers/text/text_writer.go:43.64,45.3 1 0
github.com/licaonfee/selina/workers/text/text_writer.go:53.84,54.15 1 5
github.com/licaonfee/selina/workers/text/text_writer.go:61.2,61.39 1 5
github.com/licaonfee/selina/workers/text/text_writer.go:64.2,65.15 2 4
github.com/licaonfee/selina/workers/text/text_writer.go:70.2,71.6 2 4
github.com/licaonfee/selina/workers/text/text_writer.go:54.15,57.17 3 5
github.com/licaonfee/selina/workers/text/text_writer.go:57.17,59.4 1 3
github.com/licaonfee/selina/workers/text/text_writer.go:61.39,63.3 1 1
github.com/licaonfee/selina/workers/text/text_writer.go:65.15,66.45 1 4
github.com/licaonfee/selina/workers/text/text_writer.go:66.45,68.4 1 0
github.com/licaonfee/selina/workers/text/text_writer.go:71.6,72.10 1 7
github.com/licaonfee/selina/workers/text/text_writer.go:73.32,74.11 1 6
github.com/licaonfee/selina/workers/text/text_writer.go:77.4,77.27 1 3
github.com/licaonfee/selina/workers/text/text_writer.go:84.4,85.18 2 3
github.com/licaonfee/selina/workers/text/text_writer.go:88.4,88.27 1 3
github.com/licaonfee/selina/workers/text/text_writer.go:95.21,96.20 1 1
github.com/licaonfee/selina/workers/text/text_writer.go:74.11,76.5 1 3
github.com/licaonfee/selina/workers/text/text_writer.go:77.27,79.19 2 0
github.com/licaonfee/selina/workers/text/text_writer.go:82.5,82.15 1 0
github.com/licaonfee/selina/workers/text/text_writer.go:79.19,81.6 1 0
github.com/licaonfee/selina/workers/text/text_writer.go:85.18,87.5 1 0
github.com/licaonfee/selina/workers/text/text_writer.go:88.27,90.19 2 3
github.com/licaonfee/selina/workers/text/text_writer.go:90.19,92.6 1 0
github.com/licaonfee/selina/workers/text/text_writer.go:102.44,105.2 2 5
github.com/licaonfee/selina/workers/filesystem/reader.go:24.47,26.2 1 6
github.com/licaonfee/selina/workers/filesystem/reader.go:42.84,45.15 3 7
github.com/licaonfee/selina/workers/filesystem/reader.go:53.2,54.27 2 7
github.com/licaonfee/selina/workers/filesystem/reader.go:57.2,57.6 1 7
github.com/licaonfee/selina/workers/filesystem/reader.go:45.15,46.22 1 7
github.com/licaonfee/selina/workers/filesystem/reader.go:49.3,49.52 1 0
github.com/licaonfee/selina/workers/filesystem/reader.go:46.22,48.4 1 7
github.com/licaonfee/selina/workers/filesystem/reader.go:49.52,51.4 1 0
github.com/licaonfee/selina/workers/filesystem/reader.go:54.27,56.3 1 1
github.com/licaonfee/selina/workers/filesystem/reader.go:57.6,58.10 1 11
github.com/licaonfee/selina/workers/filesystem/reader.go:59.32,60.11 1 10
github.com/licaonfee/selina/workers/filesystem/reader.go:63.4,65.11 3 5
github.com/licaonfee/selina/workers/filesystem/reader.go:72.4,75.57 4 3
github.com/licaonfee/selina/workers/filesystem/reader.go:78.4,79.39 2 3
github.com/licaonfee/selina/workers/filesystem/reader.go:82.21,83.20 1 1
github.com/licaonfee/selina/workers/filesystem/reader.go:60.11,62.5 1 5
github.com/licaonfee/selina/workers/filesystem/reader.go:66.20,66.20 0 3
github.com/licaonfee/selina/workers/filesystem/reader.go:67.25,68.13 1 1
github.com/licaonfee/selina/workers/filesystem/reader.go:69.12,70.73 1 1
github.com/licaonfee/selina/workers/filesystem/reader.go:75.57,77.5 1 0
github.com/licaonfee/selina/workers/filesystem/reader.go:79.39,81.5 1 0
github.com/licaonfee/selina/workers/filesystem/reader.go:89.80,90.16 1 3
github.com/licaonfee/selina/workers/filesystem/reader.go:97.2,97.12 1 3
github.com/licaonfee/selina/workers/filesystem/reader.go:90.16,91.10 1 7
github.com/licaonfee/selina/workers/filesystem/reader.go:92.33,92.33 0 7
github.com/licaonfee/selina/workers/filesystem/reader.go:93.21,94.20 1 0
github.com/licaonfee/selina/workers/filesystem/reader.go:100.44,102.2 1 7
github.com/licaonfee/selina/workers/filesystem/writer.go:25.83,29.22 4 7
github.com/licaonfee/selina/workers/filesystem/writer.go:32.2,32.15 1 7
github.com/licaonfee/selina/workers/filesystem/writer.go:40.2,41.27 2 7
github.com/licaonfee/selina/workers/filesystem/writer.go:44.2,44.6 1 7
github.com/licaonfee/selina/workers/filesystem/writer.go:29.22,31.3 1 7
github.com/licaonfee/selina/workers/filesystem/writer.go:32.15,33.22 1 7
github.com/licaonfee/selina/workers/filesystem/writer.go:36.3,36.52 1 4
github.com/licaonfee/selina/workers/filesystem/writer.go:33.22,35.4 1 3
github.com/licaonfee/selina/workers/filesystem/writer.go:36.52,38.4 1 0
github.com/licaonfee/selina/workers/filesystem/writer.go:41.27,43.3 1 1
github.com/licaonfee/selina/workers/filesystem/writer.go:44.6,45.10 1 16
github.com/licaonfee/selina/workers/filesystem/writer.go:46.32,47.11 1 15
github.com/licaonfee/selina/workers/filesystem/writer.go:50.4,51.26 2 10
github.com/licaonfee/selina/workers/filesystem/writer.go:74.4,74.49 1 8
github.com/licaonfee/selina/workers/filesystem/writer.go:77.21,78.20 1 1
github.com/licaonfee/selina/workers/filesystem/writer.go:47.11,49.5 1 5
github.com/licaonfee/selina/workers/filesystem/writer.go:51.26,52.24 1 8
github.com/licaonfee/selina/workers/filesystem/writer.go:55.5,56.12 2 8
github.com/licaonfee/selina/workers/filesystem/writer.go:63.5,64.12 2 6
github.com/licaonfee/selina/workers/filesystem/writer.go:71.5,72.22 2 6
github.com/licaonfee/selina/workers/filesystem/writer.go:52.24,54.6 1 4
github.com/licaonfee/selina/workers/filesystem/writer.go:57.21,57.21 0 6
github.com/licaonfee/selina/workers/filesystem/writer.go:58.26,59.14 1 1
github.com/licaonfee/selina/workers/filesystem/writer.go:60.13,61.16 1 1
github.com/licaonfee/selina/workers/filesystem/writer.go:65.21,65.21 0 6
github.com/licaonfee/selina/workers/filesystem/writer.go:66.26,67.14 1 0
github.com/licaonfee/selina/workers/filesystem/writer.go:68.13,69.16 1 0
github.com/licaonfee/selina/workers/filesystem/writer.go:74.49,76.5 1 0
github.com/licaonfee/selina/workers/filesystem/writer.go:83.44,85.2 1 7
github.com/licaonfee/selina/workers/sql/builder.go:18.74,22.2 2 6
github.com/licaonfee/selina/workers/sql/sql_reader.go:32.38,34.34 2 7
github.com/licaonfee/selina/workers/sql/sql_reader.go:39.2,39.15 1 7
github.com/licaonfee/selina/workers/sql/sql_reader.go:45.2,45.19 1 6
github.com/licaonfee/selina/workers/sql/sql_reader.go:48.2,48.12 1 5
github.com/licaonfee/selina/workers/sql/sql_reader.go:34.34,35.20 1 7
github.com/licaonfee/selina/workers/sql/sql_reader.go:35.20,37.4 1 6
github.com/licaonfee/selina/workers/sql/sql_reader.go:39.15,41.3 1 1
github.com/licaonfee/selina/workers/sql/sql_reader.go:45.19,47.3 1 1
github.com/licaonfee/selina/workers/sql/sql_reader.go:57.84,59.39 2 7
github.com/licaonfee/selina/workers/sql/sql_reader.go:62.2,63.16 2 5
github.com/licaonfee/selina/workers/sql/sql_reader.go:67.2,68.23 2 5
github.com/licaonfee/selina/workers/sql/sql_reader.go:76.2,77.31 2 5
github.com/licaonfee/selina/workers/sql/sql_reader.go:80.2,80.6 1 5
github.com/licaonfee/selina/workers/sql/sql_reader.go:59.39,61.3 1 2
github.com/licaonfee/selina/workers/sql/sql_reader.go:63.16,65.3 1 0
github.com/licaonfee/selina/workers/sql/sql_reader.go:68.23,70.3 1 3
github.com/licaonfee/selina/workers/sql/sql_reader.go:70.8,75.3 4 2
github.com/licaonfee/selina/workers/sql/sql_reader.go:77.31,79.3 1 0
github.com/licaonfee/selina/workers/sql/sql_reader.go:80.6,81.10 1 6
github.com/licaonfee/selina/workers/sql/sql_reader.go:82.25,83.11 1 5
github.com/licaonfee/selina/workers/sql/sql_reader.go:86.4,87.18 2 2
github.com/licaonfee/selina/workers/sql/sql_reader.go:90.4,90.73 1 1
github.com/licaonfee/selina/workers/sql/sql_reader.go:94.21,95.20 1 1
github.com/licaonfee/selina/workers/sql/sql_reader.go:83.11,85.5 1 3
github.com/licaonfee/selina/workers/sql/sql_reader.go:87.18,89.5 1 1
github.com/licaonfee/selina/workers/sql/sql_reader.go:90.73,92.5 1 0
github.com/licaonfee/selina/workers/sql/sql_reader.go:100.118,104.14 4 1
github.com/licaonfee/selina/workers/sql/sql_reader.go:107.2,108.16 2 1
github.com/licaonfee/selina/workers/sql/sql_reader.go:111.2,111.16 1 1
github.com/licaonfee/selina/workers/sql/sql_reader.go:121.2,121.21 1 1
github.com/licaonfee/selina/workers/sql/sql_reader.go:124.2,124.12 1 1
github.com/licaonfee/selina/workers/sql/sql_reader.go:104.14,106.3 1 0
github.com/licaonfee/selina/workers/sql/sql_reader.go:108.16,110.3 1 0
github.com/licaonfee/selina/workers/sql/sql_reader.go:111.16,114.17 3 2
github.com/licaonfee/selina/workers/sql/sql_reader.go:117.3,117.59 1 2
github.com/licaonfee/selina/workers/sql/sql_reader.go:114.17,116.4 1 0
github.com/licaonfee/selina/workers/sql/sql_reader.go:117.59,119.4 1 0
github.com/licaonfee/selina/workers/sql/sql_reader.go:121.21,123.3 1 0
github.com/licaonfee/selina/workers/sql/sql_reader.go:128.44,130.2 1 7
github.com/licaonfee/selina/workers/sql/sql_writer.go:31.38,33.34 2 8
github.com/licaonfee/selina/workers/sql/sql_writer.go:38.2,38.15 1 8
github.com/licaonfee/selina/workers/sql/sql_writer.go:41.2,41.19 1 7
github.com/licaonfee/selina/workers/sql/sql_writer.go:44.2,44.12 1 6
github.com/licaonfee/selina/workers/sql/sql_writer.go:33.34,34.20 1 8
github.com/licaonfee/selina/workers/sql/sql_writer.go:34.20,36.4 1 7
github.com/licaonfee/selina/workers/sql/sql_writer.go:38.15,40.3 1 1
github.com/licaonfee/selina/workers/sql/sql_writer.go:41.19,43.3 1 1
github.com/licaonfee/selina/workers/sql/sql_writer.go:53.78,55.39 2 8
github.com/licaonfee/selina/workers/sql/sql_writer.go:58.2,59.16 2 6
github.com/licaonfee/selina/workers/sql/sql_writer.go:62.2,63.30 2 6
github.com/licaonfee/selina/workers/sql/sql_writer.go:66.2,66.6 1 6
github.com/licaonfee/selina/workers/sql/sql_writer.go:55.39,57.3 1 2
github.com/licaonfee/selina/workers/sql/sql_writer.go:59.16,61.3 1 0
github.com/licaonfee/selina/workers/sql/sql_writer.go:63.30,65.3 1 0
github.com/licaonfee/selina/workers/sql/sql_writer.go:66.6,67.10 1 12
github.com/licaonfee/selina/workers/sql/sql_writer.go:68.33,69.11 1 11
github.com/licaonfee/selina/workers/sql/sql_writer.go:72.4,73.18 2 6
github.com/licaonfee/selina/workers/sql/sql_writer.go:76.4,76.29 1 6
github.com/licaonfee/selina/workers/sql/sql_writer.go:80.4,82.18 3 6
github.com/licaonfee/selina/workers/sql/sql_writer.go:85.21,86.20 1 1
github.com/licaonfee/selina/workers/sql/sql_writer.go:69.11,71.5 1 5
github.com/licaonfee/selina/workers/sql/sql_writer.go:73.18,75.5 1 0
github.com/licaonfee/selina/workers/sql/sql_writer.go:76.29,78.5 1 3
github.com/licaonfee/selina/workers/sql/sql_writer.go:82.18,84.5 1 0
github.com/licaonfee/selina/workers/sql/sql_writer.go:92.44,94.2 1 8
github.com/licaonfee/selina/workers/sql/sql_writer.go:96.106,98.42 2 6
github.com/licaonfee/selina/workers/sql/sql_writer.go:101.2,103.29 3 6
github.com/licaonfee/selina/workers/sql/sql_writer.go:107.2,107.26 1 6
github.com/licaonfee/selina/workers/sql/sql_writer.go:98.42,100.3 1 0
github.com/licaonfee/selina/workers/sql/sql_writer.go:103.29,106.3 2 12
github.com/licaonfee/selina/workers/remote/api.pb.go:36.25,38.29 2 5
github.com/licaonfee/selina/workers/remote/api.pb.go:38.29,42.3 3 5
github.com/licaonfee/selina/workers/remote/api.pb.go:45.33,47.2 1 0
github.com/licaonfee/selina/workers/remote/api.pb.go:49.31,49.32 0 0
github.com/licaonfee/selina/workers/remote/api.pb.go:51.53,53.41 2 20
github.com/licaonfee/selina/workers/remote/api.pb.go:60.2,60.24 1 0
github.com/licaonfee/selina/workers/remote/api.pb.go:53.41,55.34 2 20
github.com/licaonfee/selina/workers/remote/api.pb.go:58.3,58.12 1 20
github.com/licaonfee/selina/workers/remote/api.pb.go:55.34,57.4 1 5
github.com/licaonfee/selina/workers/remote/api.pb.go:64.44,66.2 1 0
github.com/licaonfee/selina/workers/remote/api.pb.go:68.37,69.14 1 0
github.com/licaonfee/selina/workers/remote/api.pb.go:72.2,72.11 1 0
github.com/licaonfee/selina/workers/remote/api.pb.go:69.14,71.3 1 0
github.com/licaonfee/selina/workers/remote/api.pb.go:83.27,85.29 2 5
github.com/licaonfee/selina/workers/remote/api.pb.go:85.29,89.3 3 5
github.com/licaonfee/selina/workers/remote/api.pb.go:92.35,94.2 1 0
github.com/licaonfee/selina/workers/remote/api.pb.go:96.33,96.34 0 0
github.com/licaonfee/selina/workers/remote/api.pb.go:98.55,100.41 2 15
github.com/licaonfee/selina/workers/remote/api.pb.go:107.2,107.24 1 0
github.com/licaonfee/selina/workers/remote/api.pb.go:100.41,102.34 2 15
github.com/licaonfee/selina/workers/remote/api.pb.go:105.3,105.12 1 15
github.com/licaonfee/selina/workers/remote/api.pb.go:102.34,104.4 1 5
github.com/licaonfee/selina/workers/remote/api.pb.go:111.46,113.2 1 0
github.com/licaonfee/selina/workers/remote/api.pb.go:115.36,116.14 1 0
github.com/licaonfee/selina/workers/remote/api.pb.go:119.2,119.12 1 0
github.com/licaonfee/selina/workers/remote/api.pb.go:116.14,118.3 1 0
github.com/licaonfee/selina/workers/remote/api.pb.go:142.42,143.39 1 0
github.com/licaonfee/selina/workers/remote/api.pb.go:146.2,146.35 1 0
github.com/licaonfee/selina/workers/remote/api.pb.go:143.39,145.3 1 0
github.com/licaonfee/selina/workers/remote/api.pb.go:164.13,164.38 1 1
github.com/licaonfee/selina/workers/remote/api.pb.go:165.28,166.27 1 1
github.com/licaonfee/selina/workers/remote/api.pb.go:169.2,169.30 1 1
github.com/licaonfee/selina/workers/remote/api.pb.go:195.2,212.30 6 1
github.com/licaonfee/selina/workers/remote/api.pb.go:166.27,168.3 1 0
github.com/licaonfee/selina/workers/remote/api.pb.go:169.30,170.80 1 0
github.com/licaonfee/selina/workers/remote/api.pb.go:182.3,182.80 1 0
github.com/licaonfee/selina/workers/remote/api.pb.go:170.80,171.30 1 0
github.com/licaonfee/selina/workers/remote/api.pb.go:172.11,173.20 1 0
github.com/licaonfee/selina/workers/remote/api.pb.go:174.11,175.24 1 0
github.com/licaonfee/selina/workers/remote/api.pb.go:176.11,177.28 1 0
github.com/licaonfee/selina/workers/remote/api.pb.go:178.12,179.15 1 0
github.com/licaonfee/selina/workers/remote/api.pb.go:182.80,183.32 1 0
github.com/licaonfee/selina/workers/remote/api.pb.go:184.11,185.20 1 0
github.com/licaonfee/selina/workers/remote/api.pb.go:186.11,187.24 1 0
github.com/licaonfee/selina/workers/remote/api.pb.go:188.11,189.28 1 0
github.com/licaonfee/selina/workers/remote/api.pb.go:190.12,191.15 1 0
github.com/licaonfee/selina/workers/remote/api_grpc.pb.go:27.64,29.2 1 5
github.com/licaonfee/selina/workers/remote/api_grpc.pb.go:31.104,34.16 3 5
github.com/licaonfee/selina/workers/remote/api_grpc.pb.go:37.2,37.17 1 5
github.com/licaonfee/selina/workers/remote/api_grpc.pb.go:34.16,36.3 1 0
github.com/licaonfee/selina/workers/remote/api_grpc.pb.go:52.82,54.2 1 0
github.com/licaonfee/selina/workers/remote/api_grpc.pb.go:55.72,55.73 0 0
github.com/licaonfee/selina/workers/remote/api_grpc.pb.go:64.61,66.2 1 7
github.com/licaonfee/selina/workers/remote/api_grpc.pb.go:68.156,70.32 2 5
github.com/licaonfee/selina/workers/remote/api_grpc.pb.go:73.2,73.24 1 5
github.com/licaonfee/selina/workers/remote/api_grpc.pb.go:76.2,80.77 2 0
github.com/licaonfee/selina/workers/remote/api_grpc.pb.go:83.2,83.44 1 0
github.com/licaonfee/selina/workers/remote/api_grpc.pb.go:70.32,72.3 1 0
github.com/licaonfee/selina/workers/remote/api_grpc.pb.go:73.24,75.3 1 5
github.com/licaonfee/selina/workers/remote/api_grpc.pb.go:80.77,82.3 1 0
github.com/licaonfee/selina/workers/remote/client.go:23.78,26.16 3 5
github.com/licaonfee/selina/workers/remote/client.go:30.2,32.6 3 5
github.com/licaonfee/selina/workers/remote/client.go:26.16,28.3 1 0
github.com/licaonfee/selina/workers/remote/client.go:32.6,33.10 1 10
github.com/licaonfee/selina/workers/remote/client.go:34.32,35.11 1 9
github.com/licaonfee/selina/workers/remote/client.go:38.4,40.18 3 5
github.com/licaonfee/selina/workers/remote/client.go:43.21,44.20 1 1
github.com/licaonfee/selina/workers/remote/client.go:35.11,37.5 1 4
github.com/licaonfee/selina/workers/remote/client.go:40.18,42.5 1 0
github.com/licaonfee/selina/workers/remote/client.go:50.44,52.2 1 5
github.com/licaonfee/selina/workers/remote/server.go:35.74,36.9 1 5
github.com/licaonfee/selina/workers/remote/server.go:37.20,38.55 1 0
github.com/licaonfee/selina/workers/remote/server.go:39.27,40.23 1 5
github.com/licaonfee/selina/workers/remote/server.go:46.41,47.9 1 2
github.com/licaonfee/selina/workers/remote/server.go:48.22,49.13 1 2
github.com/licaonfee/selina/workers/remote/server.go:50.10,51.22 1 0
github.com/licaonfee/selina/workers/remote/server.go:56.85,59.16 3 8
github.com/licaonfee/selina/workers/remote/server.go:63.2,68.6 5 7
github.com/licaonfee/selina/workers/remote/server.go:59.16,61.3 1 1
github.com/licaonfee/selina/workers/remote/server.go:68.6,69.10 1 14
github.com/licaonfee/selina/workers/remote/server.go:70.30,71.11 1 4
github.com/licaonfee/selina/workers/remote/server.go:74.25,75.68 1 7
github.com/licaonfee/selina/workers/remote/server.go:78.21,79.20 1 3
github.com/licaonfee/selina/workers/remote/server.go:71.11,73.5 1 4
github.com/licaonfee/selina/workers/remote/server.go:75.68,77.5 1 0
github.com/licaonfee/selina/workers/remote/server.go:86.44,89.2 1 8
github.com/licaonfee/selina/workers/ops/cron.go:25.36,29.2 3 6
github.com/licaonfee/selina/workers/ops/cron.go:39.19,43.2 3 1
github.com/licaonfee/selina/workers/ops/cron.go:47.76,49.39 2 6
github.com/licaonfee/selina/workers/ops/cron.go:52.2,55.50 4 5
github.com/licaonfee/selina/workers/ops/cron.go:61.2,61.15 1 5
github.com/licaonfee/selina/workers/ops/cron.go:65.2,65.6 1 5
github.com/licaonfee/selina/workers/ops/cron.go:49.39,51.3 1 1
github.com/licaonfee/selina/workers/ops/cron.go:55.50,56.10 1 3
github.com/licaonfee/selina/workers/ops/cron.go:57.27,57.27 0 3
github.com/licaonfee/selina/workers/ops/cron.go:58.14,58.14 0 0
github.com/licaonfee/selina/workers/ops/cron.go:61.15,64.3 2 5
github.com/licaonfee/selina/workers/ops/cron.go:65.6,66.10 1 8
github.com/licaonfee/selina/workers/ops/cron.go:67.30,68.11 1 4
github.com/licaonfee/selina/workers/ops/cron.go:71.21,72.20 1 1
github.com/licaonfee/selina/workers/ops/cron.go:73.15,74.33 1 3
github.com/licaonfee/selina/workers/ops/cron.go:68.11,70.5 1 4
github.com/licaonfee/selina/workers/ops/cron.go:80.38,82.2 1 6
