mode: atomic
github.com/licaonfee/selina/acceptance.go:11.54,14.12 3 1
github.com/licaonfee/selina/acceptance.go:18.2,21.25 4 1
github.com/licaonfee/selina/acceptance.go:24.2,24.30 1 1
github.com/licaonfee/selina/acceptance.go:14.12,17.3 2 1
github.com/licaonfee/selina/acceptance.go:21.25,23.3 1 0
github.com/licaonfee/selina/acceptance.go:24.30,25.19 1 2
github.com/licaonfee/selina/acceptance.go:25.19,27.4 1 0
github.com/licaonfee/selina/acceptance.go:31.59,33.12 2 1
github.com/licaonfee/selina/acceptance.go:37.2,38.36 2 1
github.com/licaonfee/selina/acceptance.go:33.12,36.3 2 1
github.com/licaonfee/selina/acceptance.go:38.36,39.35 1 1
github.com/licaonfee/selina/acceptance.go:39.35,40.29 1 2
github.com/licaonfee/selina/acceptance.go:40.29,42.5 1 0
github.com/licaonfee/selina/acceptance.go:44.8,46.3 1 0
github.com/licaonfee/selina/channels.go:14.54,15.24 1 10
github.com/licaonfee/selina/channels.go:26.2,26.26 1 10
github.com/licaonfee/selina/channels.go:15.24,17.29 2 12
github.com/licaonfee/selina/channels.go:23.3,23.17 1 12
github.com/licaonfee/selina/channels.go:17.29,22.4 3 15
github.com/licaonfee/selina/channels.go:26.26,28.3 1 7
github.com/licaonfee/selina/channels.go:32.46,38.2 5 7
github.com/licaonfee/selina/channels.go:49.43,50.22 1 8
github.com/licaonfee/selina/channels.go:53.2,53.13 1 8
github.com/licaonfee/selina/channels.go:50.22,52.3 1 18
github.com/licaonfee/selina/channels.go:56.31,57.19 1 8
github.com/licaonfee/selina/channels.go:57.19,59.3 1 6
github.com/licaonfee/selina/channels.go:66.44,67.12 1 10
github.com/licaonfee/selina/channels.go:73.2,73.14 1 10
github.com/licaonfee/selina/channels.go:67.12,68.19 1 10
github.com/licaonfee/selina/channels.go:68.19,71.4 2 6
github.com/licaonfee/selina/channels.go:78.47,82.2 3 8
github.com/licaonfee/selina/node.go:20.31,24.2 3 71
github.com/licaonfee/selina/node.go:27.40,31.2 3 5
github.com/licaonfee/selina/node.go:37.81,40.12 3 9
github.com/licaonfee/selina/node.go:44.2,44.11 1 9
github.com/licaonfee/selina/node.go:40.12,43.3 2 9
github.com/licaonfee/selina/node.go:47.33,48.15 1 9
github.com/licaonfee/selina/node.go:51.2,51.10 1 9
github.com/licaonfee/selina/node.go:48.15,50.3 1 9
github.com/licaonfee/selina/node.go:56.35,59.15 3 9
github.com/licaonfee/selina/node.go:62.2,63.12 2 9
github.com/licaonfee/selina/node.go:59.15,61.3 1 0
github.com/licaonfee/selina/node.go:68.49,69.39 1 9
github.com/licaonfee/selina/node.go:72.2,78.44 6 9
github.com/licaonfee/selina/node.go:69.39,71.3 1 0
github.com/licaonfee/selina/node.go:84.29,87.15 3 1
github.com/licaonfee/selina/node.go:91.2,91.26 1 0
github.com/licaonfee/selina/node.go:87.15,90.3 2 1
github.com/licaonfee/selina/node.go:95.43,99.2 3 9
github.com/licaonfee/selina/pipeline.go:21.37,23.2 1 0
github.com/licaonfee/selina/pipeline.go:32.66,33.37 1 4
github.com/licaonfee/selina/pipeline.go:36.2,36.13 1 4
github.com/licaonfee/selina/pipeline.go:33.37,35.3 1 4
github.com/licaonfee/selina/pipeline.go:39.57,41.28 2 2
github.com/licaonfee/selina/pipeline.go:44.2,45.23 2 2
github.com/licaonfee/selina/pipeline.go:48.2,48.12 1 0
github.com/licaonfee/selina/pipeline.go:41.28,43.3 1 4
github.com/licaonfee/selina/pipeline.go:45.23,47.3 1 2
github.com/licaonfee/selina/pipeline.go:51.52,53.2 1 0
github.com/licaonfee/selina/pipeline.go:55.42,57.2 1 2
github.com/licaonfee/selina/pipeline.go:58.57,62.2 3 4
github.com/licaonfee/selina/pipeline.go:65.46,67.30 2 2
github.com/licaonfee/selina/pipeline.go:70.2,72.10 3 2
github.com/licaonfee/selina/pipeline.go:67.30,69.3 1 2
github.com/licaonfee/selina/testing.go:3.64,5.12 2 6
github.com/licaonfee/selina/testing.go:13.2,13.13 1 6
github.com/licaonfee/selina/testing.go:5.12,6.26 1 6
github.com/licaonfee/selina/testing.go:9.3,9.16 1 6
github.com/licaonfee/selina/testing.go:6.26,8.4 1 18
github.com/licaonfee/selina/testing.go:9.16,11.4 1 6
github.com/licaonfee/selina/testing.go:16.67,18.12 2 1
github.com/licaonfee/selina/testing.go:26.2,26.13 1 1
github.com/licaonfee/selina/testing.go:18.12,19.26 1 1
github.com/licaonfee/selina/testing.go:22.3,22.16 1 1
github.com/licaonfee/selina/testing.go:19.26,21.4 1 3
github.com/licaonfee/selina/testing.go:22.16,24.4 1 1
github.com/licaonfee/selina/testing.go:29.48,31.24 2 1
github.com/licaonfee/selina/testing.go:34.2,34.12 1 1
github.com/licaonfee/selina/testing.go:31.24,33.3 1 3
github.com/licaonfee/selina/workers/regex/regexp.go:20.95,22.16 2 5
github.com/licaonfee/selina/workers/regex/regexp.go:25.2,25.15 1 4
github.com/licaonfee/selina/workers/regex/regexp.go:28.2,28.6 1 4
github.com/licaonfee/selina/workers/regex/regexp.go:22.16,24.3 1 1
github.com/licaonfee/selina/workers/regex/regexp.go:25.15,27.3 1 4
github.com/licaonfee/selina/workers/regex/regexp.go:28.6,29.10 1 7
github.com/licaonfee/selina/workers/regex/regexp.go:30.24,31.10 1 6
github.com/licaonfee/selina/workers/regex/regexp.go:38.21,39.20 1 1
github.com/licaonfee/selina/workers/regex/regexp.go:31.10,32.22 1 3
github.com/licaonfee/selina/workers/regex/regexp.go:32.22,34.6 1 2
github.com/licaonfee/selina/workers/regex/regexp.go:35.10,37.5 1 3
github.com/licaonfee/selina/workers/regex/regexp.go:44.60,46.2 1 5
github.com/licaonfee/selina/workers/random/random.go:20.96,22.6 2 4
github.com/licaonfee/selina/workers/random/random.go:22.6,24.43 2 6255
github.com/licaonfee/selina/workers/random/random.go:27.3,27.10 1 6255
github.com/licaonfee/selina/workers/random/random.go:24.43,26.4 1 0
github.com/licaonfee/selina/workers/random/random.go:28.22,28.22 0 6251
github.com/licaonfee/selina/workers/random/random.go:29.25,30.11 1 3
github.com/licaonfee/selina/workers/random/random.go:33.21,34.20 1 1
github.com/licaonfee/selina/workers/random/random.go:30.11,32.5 1 3
github.com/licaonfee/selina/workers/random/random.go:39.44,41.2 1 4
github.com/licaonfee/selina/workers/sql/sql_writer.go:24.99,27.16 3 8
github.com/licaonfee/selina/workers/sql/sql_writer.go:30.2,30.24 1 7
github.com/licaonfee/selina/workers/sql/sql_writer.go:33.2,33.6 1 6
github.com/licaonfee/selina/workers/sql/sql_writer.go:27.16,29.3 1 1
github.com/licaonfee/selina/workers/sql/sql_writer.go:30.24,32.3 1 1
github.com/licaonfee/selina/workers/sql/sql_writer.go:33.6,34.10 1 12
github.com/licaonfee/selina/workers/sql/sql_writer.go:35.28,36.11 1 11
github.com/licaonfee/selina/workers/sql/sql_writer.go:39.4,40.18 2 6
github.com/licaonfee/selina/workers/sql/sql_writer.go:43.4,43.29 1 6
github.com/licaonfee/selina/workers/sql/sql_writer.go:47.4,49.18 3 6
github.com/licaonfee/selina/workers/sql/sql_writer.go:52.21,53.20 1 1
github.com/licaonfee/selina/workers/sql/sql_writer.go:36.11,38.5 1 5
github.com/licaonfee/selina/workers/sql/sql_writer.go:40.18,42.5 1 0
github.com/licaonfee/selina/workers/sql/sql_writer.go:43.29,45.5 1 3
github.com/licaonfee/selina/workers/sql/sql_writer.go:49.18,51.5 1 0
github.com/licaonfee/selina/workers/sql/sql_writer.go:58.53,60.2 1 8
github.com/licaonfee/selina/workers/sql/sql_writer.go:62.80,64.51 2 6
github.com/licaonfee/selina/workers/sql/sql_writer.go:67.2,69.29 3 6
github.com/licaonfee/selina/workers/sql/sql_writer.go:73.2,73.26 1 6
github.com/licaonfee/selina/workers/sql/sql_writer.go:64.51,66.3 1 0
github.com/licaonfee/selina/workers/sql/sql_writer.go:69.29,72.3 2 12
github.com/licaonfee/selina/workers/sql/builder.go:13.74,17.2 2 6
github.com/licaonfee/selina/workers/sql/sql_reader.go:23.99,26.16 3 6
github.com/licaonfee/selina/workers/sql/sql_reader.go:29.2,29.6 1 5
github.com/licaonfee/selina/workers/sql/sql_reader.go:26.16,28.3 1 1
github.com/licaonfee/selina/workers/sql/sql_reader.go:29.6,30.10 1 5
github.com/licaonfee/selina/workers/sql/sql_reader.go:31.22,32.11 1 1
github.com/licaonfee/selina/workers/sql/sql_reader.go:35.11,37.18 2 4
github.com/licaonfee/selina/workers/sql/sql_reader.go:40.4,40.56 1 3
github.com/licaonfee/selina/workers/sql/sql_reader.go:43.4,43.14 1 2
github.com/licaonfee/selina/workers/sql/sql_reader.go:32.11,34.5 1 1
github.com/licaonfee/selina/workers/sql/sql_reader.go:37.18,39.5 1 1
github.com/licaonfee/selina/workers/sql/sql_reader.go:40.56,42.5 1 1
github.com/licaonfee/selina/workers/sql/sql_reader.go:48.82,51.16 3 3
github.com/licaonfee/selina/workers/sql/sql_reader.go:54.2,57.25 4 3
github.com/licaonfee/selina/workers/sql/sql_reader.go:61.2,61.18 1 3
github.com/licaonfee/selina/workers/sql/sql_reader.go:76.2,76.12 1 2
github.com/licaonfee/selina/workers/sql/sql_reader.go:51.16,53.3 1 0
github.com/licaonfee/selina/workers/sql/sql_reader.go:57.25,60.3 2 3
github.com/licaonfee/selina/workers/sql/sql_reader.go:61.18,62.48 1 5
github.com/licaonfee/selina/workers/sql/sql_reader.go:65.3,65.28 1 5
github.com/licaonfee/selina/workers/sql/sql_reader.go:68.3,69.17 2 5
github.com/licaonfee/selina/workers/sql/sql_reader.go:72.3,72.52 1 5
github.com/licaonfee/selina/workers/sql/sql_reader.go:62.48,64.4 1 0
github.com/licaonfee/selina/workers/sql/sql_reader.go:65.28,67.4 1 5
github.com/licaonfee/selina/workers/sql/sql_reader.go:69.17,71.4 1 0
github.com/licaonfee/selina/workers/sql/sql_reader.go:72.52,74.4 1 1
github.com/licaonfee/selina/workers/sql/sql_reader.go:79.76,80.9 1 5
github.com/licaonfee/selina/workers/sql/sql_reader.go:85.2,85.12 1 4
github.com/licaonfee/selina/workers/sql/sql_reader.go:81.18,81.18 0 4
github.com/licaonfee/selina/workers/sql/sql_reader.go:82.20,83.19 1 1
github.com/licaonfee/selina/workers/sql/sql_reader.go:88.53,90.2 1 6
github.com/licaonfee/selina/workers/text/text_reader.go:23.38,24.26 1 5
github.com/licaonfee/selina/workers/text/text_reader.go:27.2,27.64 1 4
github.com/licaonfee/selina/workers/text/text_reader.go:30.2,30.12 1 4
github.com/licaonfee/selina/workers/text/text_reader.go:24.26,26.3 1 1
github.com/licaonfee/selina/workers/text/text_reader.go:27.64,29.3 1 0
github.com/licaonfee/selina/workers/text/text_reader.go:35.103,36.15 1 5
github.com/licaonfee/selina/workers/text/text_reader.go:43.2,43.26 1 5
github.com/licaonfee/selina/workers/text/text_reader.go:46.2,47.16 2 4
github.com/licaonfee/selina/workers/text/text_reader.go:58.2,58.12 1 2
github.com/licaonfee/selina/workers/text/text_reader.go:36.15,39.17 3 5
github.com/licaonfee/selina/workers/text/text_reader.go:39.17,41.4 1 3
github.com/licaonfee/selina/workers/text/text_reader.go:43.26,45.3 1 1
github.com/licaonfee/selina/workers/text/text_reader.go:47.16,48.10 1 7
github.com/licaonfee/selina/workers/text/text_reader.go:49.25,50.11 1 1
github.com/licaonfee/selina/workers/text/text_reader.go:53.33,53.33 0 5
github.com/licaonfee/selina/workers/text/text_reader.go:54.21,55.20 1 1
github.com/licaonfee/selina/workers/text/text_reader.go:50.11,52.5 1 1
github.com/licaonfee/selina/workers/text/text_reader.go:61.56,64.2 2 5
github.com/licaonfee/selina/workers/text/text_writer.go:23.38,24.26 1 5
github.com/licaonfee/selina/workers/text/text_writer.go:27.2,27.64 1 4
github.com/licaonfee/selina/workers/text/text_writer.go:30.2,30.12 1 4
github.com/licaonfee/selina/workers/text/text_writer.go:24.26,26.3 1 1
github.com/licaonfee/selina/workers/text/text_writer.go:27.64,29.3 1 0
github.com/licaonfee/selina/workers/text/text_writer.go:35.100,36.15 1 5
github.com/licaonfee/selina/workers/text/text_writer.go:43.2,43.26 1 5
github.com/licaonfee/selina/workers/text/text_writer.go:46.2,47.15 2 4
github.com/licaonfee/selina/workers/text/text_writer.go:52.2,53.6 2 4
github.com/licaonfee/selina/workers/text/text_writer.go:36.15,39.17 3 5
github.com/licaonfee/selina/workers/text/text_writer.go:39.17,41.4 1 3
github.com/licaonfee/selina/workers/text/text_writer.go:43.26,45.3 1 1
github.com/licaonfee/selina/workers/text/text_writer.go:47.15,48.45 1 4
github.com/licaonfee/selina/workers/text/text_writer.go:48.45,50.4 1 0
github.com/licaonfee/selina/workers/text/text_writer.go:53.6,54.10 1 7
github.com/licaonfee/selina/workers/text/text_writer.go:55.24,56.11 1 6
github.com/licaonfee/selina/workers/text/text_writer.go:59.4,60.18 2 3
github.com/licaonfee/selina/workers/text/text_writer.go:63.4,64.18 2 3
github.com/licaonfee/selina/workers/text/text_writer.go:68.21,69.20 1 1
github.com/licaonfee/selina/workers/text/text_writer.go:56.11,58.5 1 3
github.com/licaonfee/selina/workers/text/text_writer.go:60.18,62.5 1 0
github.com/licaonfee/selina/workers/text/text_writer.go:64.18,66.5 1 0
github.com/licaonfee/selina/workers/text/text_writer.go:74.56,77.2 2 5
